{"level":"info","message":"Сервер запущено на http://localhost:3000"}
{"level":"info","message":"Нове WebSocket підключення"}
{"level":"info","message":"Нове WebSocket підключення"}
{"level":"info","message":"Сервер запущен на http://localhost:3000"}
{"level":"info","message":"Защищенный сервер запущен на https://localhost"}
{"level":"info","message":"Новое WebSocket подключение"}
{"level":"info","message":"Новое WebSocket подключение"}
{"level":"error","message":"Ошибка: misconfigured csrf","stack":"Error: misconfigured csrf\n    at csrf (D:\\Users\\1\\OneDrive\\Робочий стіл\\payment-website\\server\\node_modules\\csurf\\index.js:71:19)\n    at Layer.handle [as handle_request] (D:\\Users\\1\\OneDrive\\Робочий стіл\\payment-website\\server\\node_modules\\express\\lib\\router\\layer.js:95:5)\n    at trim_prefix (D:\\Users\\1\\OneDrive\\Робочий стіл\\payment-website\\server\\node_modules\\express\\lib\\router\\index.js:328:13)\n    at D:\\Users\\1\\OneDrive\\Робочий стіл\\payment-website\\server\\node_modules\\express\\lib\\router\\index.js:286:9\n    at Function.process_params (D:\\Users\\1\\OneDrive\\Робочий стіл\\payment-website\\server\\node_modules\\express\\lib\\router\\index.js:346:12)\n    at next (D:\\Users\\1\\OneDrive\\Робочий стіл\\payment-website\\server\\node_modules\\express\\lib\\router\\index.js:280:10)\n    at D:\\Users\\1\\OneDrive\\Робочий стіл\\payment-website\\server\\node_modules\\express-rate-limit\\dist\\index.cjs:822:7\n    at process.processTicksAndRejections (node:internal/process/task_queues:105:5)\n    at async D:\\Users\\1\\OneDrive\\Робочий стіл\\payment-website\\server\\node_modules\\express-rate-limit\\dist\\index.cjs:704:5"}
{"level":"info","message":"WebSocket отключен"}
{"level":"info","message":"Новое WebSocket подключение"}
{"level":"info","message":"Сервер запущен на http://localhost:3000"}
{"level":"info","message":"Защищенный сервер запущен на https://localhost"}
{"level":"info","message":"Новое WebSocket подключение"}
{"level":"info","message":"Новое WebSocket подключение"}
{"level":"info","message":"Сервер запущен на http://localhost:3000"}
{"level":"info","message":"Защищенный сервер запущен на https://localhost"}
{"level":"error","message":"Ошибка: misconfigured csrf","stack":"Error: misconfigured csrf\n    at csrf (D:\\Users\\1\\OneDrive\\Робочий стіл\\payment-website\\server\\node_modules\\csurf\\index.js:71:19)\n    at Layer.handle [as handle_request] (D:\\Users\\1\\OneDrive\\Робочий стіл\\payment-website\\server\\node_modules\\express\\lib\\router\\layer.js:95:5)\n    at trim_prefix (D:\\Users\\1\\OneDrive\\Робочий стіл\\payment-website\\server\\node_modules\\express\\lib\\router\\index.js:328:13)\n    at D:\\Users\\1\\OneDrive\\Робочий стіл\\payment-website\\server\\node_modules\\express\\lib\\router\\index.js:286:9\n    at Function.process_params (D:\\Users\\1\\OneDrive\\Робочий стіл\\payment-website\\server\\node_modules\\express\\lib\\router\\index.js:346:12)\n    at next (D:\\Users\\1\\OneDrive\\Робочий стіл\\payment-website\\server\\node_modules\\express\\lib\\router\\index.js:280:10)\n    at D:\\Users\\1\\OneDrive\\Робочий стіл\\payment-website\\server\\node_modules\\express-rate-limit\\dist\\index.cjs:822:7\n    at process.processTicksAndRejections (node:internal/process/task_queues:105:5)\n    at async D:\\Users\\1\\OneDrive\\Робочий стіл\\payment-website\\server\\node_modules\\express-rate-limit\\dist\\index.cjs:704:5"}
{"level":"error","message":"Ошибка: misconfigured csrf","stack":"Error: misconfigured csrf\n    at csrf (D:\\Users\\1\\OneDrive\\Робочий стіл\\payment-website\\server\\node_modules\\csurf\\index.js:71:19)\n    at Layer.handle [as handle_request] (D:\\Users\\1\\OneDrive\\Робочий стіл\\payment-website\\server\\node_modules\\express\\lib\\router\\layer.js:95:5)\n    at trim_prefix (D:\\Users\\1\\OneDrive\\Робочий стіл\\payment-website\\server\\node_modules\\express\\lib\\router\\index.js:328:13)\n    at D:\\Users\\1\\OneDrive\\Робочий стіл\\payment-website\\server\\node_modules\\express\\lib\\router\\index.js:286:9\n    at Function.process_params (D:\\Users\\1\\OneDrive\\Робочий стіл\\payment-website\\server\\node_modules\\express\\lib\\router\\index.js:346:12)\n    at next (D:\\Users\\1\\OneDrive\\Робочий стіл\\payment-website\\server\\node_modules\\express\\lib\\router\\index.js:280:10)\n    at D:\\Users\\1\\OneDrive\\Робочий стіл\\payment-website\\server\\node_modules\\express-rate-limit\\dist\\index.cjs:822:7\n    at process.processTicksAndRejections (node:internal/process/task_queues:105:5)\n    at async D:\\Users\\1\\OneDrive\\Робочий стіл\\payment-website\\server\\node_modules\\express-rate-limit\\dist\\index.cjs:704:5"}
{"level":"error","message":"Ошибка: misconfigured csrf","stack":"Error: misconfigured csrf\n    at csrf (D:\\Users\\1\\OneDrive\\Робочий стіл\\payment-website\\server\\node_modules\\csurf\\index.js:71:19)\n    at Layer.handle [as handle_request] (D:\\Users\\1\\OneDrive\\Робочий стіл\\payment-website\\server\\node_modules\\express\\lib\\router\\layer.js:95:5)\n    at trim_prefix (D:\\Users\\1\\OneDrive\\Робочий стіл\\payment-website\\server\\node_modules\\express\\lib\\router\\index.js:328:13)\n    at D:\\Users\\1\\OneDrive\\Робочий стіл\\payment-website\\server\\node_modules\\express\\lib\\router\\index.js:286:9\n    at Function.process_params (D:\\Users\\1\\OneDrive\\Робочий стіл\\payment-website\\server\\node_modules\\express\\lib\\router\\index.js:346:12)\n    at next (D:\\Users\\1\\OneDrive\\Робочий стіл\\payment-website\\server\\node_modules\\express\\lib\\router\\index.js:280:10)\n    at D:\\Users\\1\\OneDrive\\Робочий стіл\\payment-website\\server\\node_modules\\express-rate-limit\\dist\\index.cjs:822:7\n    at process.processTicksAndRejections (node:internal/process/task_queues:105:5)\n    at async D:\\Users\\1\\OneDrive\\Робочий стіл\\payment-website\\server\\node_modules\\express-rate-limit\\dist\\index.cjs:704:5"}
{"level":"error","message":"Ошибка: misconfigured csrf","stack":"Error: misconfigured csrf\n    at csrf (D:\\Users\\1\\OneDrive\\Робочий стіл\\payment-website\\server\\node_modules\\csurf\\index.js:71:19)\n    at Layer.handle [as handle_request] (D:\\Users\\1\\OneDrive\\Робочий стіл\\payment-website\\server\\node_modules\\express\\lib\\router\\layer.js:95:5)\n    at trim_prefix (D:\\Users\\1\\OneDrive\\Робочий стіл\\payment-website\\server\\node_modules\\express\\lib\\router\\index.js:328:13)\n    at D:\\Users\\1\\OneDrive\\Робочий стіл\\payment-website\\server\\node_modules\\express\\lib\\router\\index.js:286:9\n    at Function.process_params (D:\\Users\\1\\OneDrive\\Робочий стіл\\payment-website\\server\\node_modules\\express\\lib\\router\\index.js:346:12)\n    at next (D:\\Users\\1\\OneDrive\\Робочий стіл\\payment-website\\server\\node_modules\\express\\lib\\router\\index.js:280:10)\n    at D:\\Users\\1\\OneDrive\\Робочий стіл\\payment-website\\server\\node_modules\\express-rate-limit\\dist\\index.cjs:822:7\n    at process.processTicksAndRejections (node:internal/process/task_queues:105:5)\n    at async D:\\Users\\1\\OneDrive\\Робочий стіл\\payment-website\\server\\node_modules\\express-rate-limit\\dist\\index.cjs:704:5"}
{"level":"info","message":"Сервер запущен на http://localhost:3000"}
{"level":"info","message":"Защищенный сервер запущен на https://localhost"}
{"level":"error","message":"Ошибка: misconfigured csrf","stack":"Error: misconfigured csrf\n    at csrf (D:\\Users\\1\\OneDrive\\Робочий стіл\\payment-website\\server\\node_modules\\csurf\\index.js:71:19)\n    at Layer.handle [as handle_request] (D:\\Users\\1\\OneDrive\\Робочий стіл\\payment-website\\server\\node_modules\\express\\lib\\router\\layer.js:95:5)\n    at trim_prefix (D:\\Users\\1\\OneDrive\\Робочий стіл\\payment-website\\server\\node_modules\\express\\lib\\router\\index.js:328:13)\n    at D:\\Users\\1\\OneDrive\\Робочий стіл\\payment-website\\server\\node_modules\\express\\lib\\router\\index.js:286:9\n    at Function.process_params (D:\\Users\\1\\OneDrive\\Робочий стіл\\payment-website\\server\\node_modules\\express\\lib\\router\\index.js:346:12)\n    at next (D:\\Users\\1\\OneDrive\\Робочий стіл\\payment-website\\server\\node_modules\\express\\lib\\router\\index.js:280:10)\n    at D:\\Users\\1\\OneDrive\\Робочий стіл\\payment-website\\server\\node_modules\\express-rate-limit\\dist\\index.cjs:822:7\n    at process.processTicksAndRejections (node:internal/process/task_queues:105:5)\n    at async D:\\Users\\1\\OneDrive\\Робочий стіл\\payment-website\\server\\node_modules\\express-rate-limit\\dist\\index.cjs:704:5"}
{"level":"info","message":"Сервер запущен на http://localhost:3000"}
{"level":"info","message":"Защищенный сервер запущен на https://localhost"}
{"level":"info","message":"Новое WebSocket подключение"}
{"level":"info","message":"Сервер запущен на http://localhost:3000"}
{"level":"info","message":"Защищенный сервер запущен на https://localhost"}
{"level":"info","message":"Новое WebSocket подключение"}
{"level":"info","message":"Новое WebSocket подключение"}
{"level":"info","message":"WebSocket отключен"}
{"level":"info","message":"Новое WebSocket подключение"}
{"level":"info","message":"Сервер запущен на http://localhost:3000"}
{"level":"info","message":"Защищенный сервер запущен на https://localhost"}
{"level":"info","message":"Новое WebSocket подключение"}
{"level":"info","message":"WebSocket отключен"}
{"level":"info","message":"Новое WebSocket подключение"}
{"level":"info","message":"Сервер запущен на http://localhost:3000"}
{"level":"info","message":"Защищенный сервер запущен на https://localhost"}
{"level":"info","message":"Новое WebSocket подключение"}
{"level":"info","message":"Новое WebSocket подключение"}
{"level":"info","message":"WebSocket отключен"}
{"level":"info","message":"Новое WebSocket подключение"}
{"level":"info","message":"WebSocket отключен"}
{"level":"info","message":"Новое WebSocket подключение"}
{"level":"info","message":"WebSocket отключен"}
{"level":"info","message":"Новое WebSocket подключение"}
{"level":"info","message":"WebSocket отключен"}
{"level":"info","message":"WebSocket отключен"}
{"level":"info","message":"Сервер запущен на http://localhost:3000"}
{"level":"info","message":"Защищенный сервер запущен на https://localhost"}
{"level":"info","message":"Новое WebSocket подключение"}
{"level":"info","message":"Сервер запущен на http://localhost:3000"}
{"level":"info","message":"Защищенный сервер запущен на https://localhost"}
{"level":"info","message":"Новое WebSocket подключение"}
{"level":"info","message":"Новое защищенное WebSocket подключение"}
{"level":"info","message":"Сервер запущен на http://localhost:3000"}
{"level":"info","message":"Защищенный сервер запущен на https://localhost"}
{"level":"info","message":"Новое WebSocket подключение"}
{"level":"info","message":"Новое защищенное WebSocket подключение"}
{"level":"info","message":"WebSocket отключен"}
{"level":"info","message":"Новое WebSocket подключение"}
{"level":"info","message":"Защищенное WebSocket подключение закрыто"}
{"level":"info","message":"Новое защищенное WebSocket подключение"}
{"level":"info","message":"Защищенное WebSocket подключение закрыто"}
{"level":"info","message":"Новое защищенное WebSocket подключение"}
{"level":"info","message":"Защищенное WebSocket подключение закрыто"}
{"level":"info","message":"Новое защищенное WebSocket подключение"}
{"level":"info","message":"Защищенное WebSocket подключение закрыто"}
{"level":"info","message":"Новое защищенное WebSocket подключение"}
{"level":"info","message":"Защищенное WebSocket подключение закрыто"}
{"level":"info","message":"Новое защищенное WebSocket подключение"}
{"code":"EBADCSRFTOKEN","level":"error","message":"Ошибка: invalid csrf token","stack":"ForbiddenError: invalid csrf token\n    at csrf (D:\\Users\\1\\OneDrive\\Робочий стіл\\Почалися переговори Трампа і Зеленського в Білому домі_ перші заяви_files\\payment-website\\server\\node_modules\\csurf\\index.js:112:19)\n    at Layer.handle [as handle_request] (D:\\Users\\1\\OneDrive\\Робочий стіл\\Почалися переговори Трампа і Зеленського в Білому домі_ перші заяви_files\\payment-website\\server\\node_modules\\express\\lib\\router\\layer.js:95:5)\n    at next (D:\\Users\\1\\OneDrive\\Робочий стіл\\Почалися переговори Трампа і Зеленського в Білому домі_ перші заяви_files\\payment-website\\server\\node_modules\\express\\lib\\router\\route.js:149:13)\n    at D:\\Users\\1\\OneDrive\\Робочий стіл\\Почалися переговори Трампа і Зеленського в Білому домі_ перші заяви_files\\payment-website\\server\\node_modules\\express-rate-limit\\dist\\index.cjs:822:7\n    at process.processTicksAndRejections (node:internal/process/task_queues:105:5)\n    at async D:\\Users\\1\\OneDrive\\Робочий стіл\\Почалися переговори Трампа і Зеленського в Білому домі_ перші заяви_files\\payment-website\\server\\node_modules\\express-rate-limit\\dist\\index.cjs:704:5"}
{"code":"EBADCSRFTOKEN","level":"error","message":"Ошибка: invalid csrf token","stack":"ForbiddenError: invalid csrf token\n    at csrf (D:\\Users\\1\\OneDrive\\Робочий стіл\\Почалися переговори Трампа і Зеленського в Білому домі_ перші заяви_files\\payment-website\\server\\node_modules\\csurf\\index.js:112:19)\n    at Layer.handle [as handle_request] (D:\\Users\\1\\OneDrive\\Робочий стіл\\Почалися переговори Трампа і Зеленського в Білому домі_ перші заяви_files\\payment-website\\server\\node_modules\\express\\lib\\router\\layer.js:95:5)\n    at next (D:\\Users\\1\\OneDrive\\Робочий стіл\\Почалися переговори Трампа і Зеленського в Білому домі_ перші заяви_files\\payment-website\\server\\node_modules\\express\\lib\\router\\route.js:149:13)\n    at D:\\Users\\1\\OneDrive\\Робочий стіл\\Почалися переговори Трампа і Зеленського в Білому домі_ перші заяви_files\\payment-website\\server\\node_modules\\express-rate-limit\\dist\\index.cjs:822:7\n    at process.processTicksAndRejections (node:internal/process/task_queues:105:5)\n    at async D:\\Users\\1\\OneDrive\\Робочий стіл\\Почалися переговори Трампа і Зеленського в Білому домі_ перші заяви_files\\payment-website\\server\\node_modules\\express-rate-limit\\dist\\index.cjs:704:5"}
{"code":"EBADCSRFTOKEN","level":"error","message":"Ошибка: invalid csrf token","stack":"ForbiddenError: invalid csrf token\n    at csrf (D:\\Users\\1\\OneDrive\\Робочий стіл\\Почалися переговори Трампа і Зеленського в Білому домі_ перші заяви_files\\payment-website\\server\\node_modules\\csurf\\index.js:112:19)\n    at Layer.handle [as handle_request] (D:\\Users\\1\\OneDrive\\Робочий стіл\\Почалися переговори Трампа і Зеленського в Білому домі_ перші заяви_files\\payment-website\\server\\node_modules\\express\\lib\\router\\layer.js:95:5)\n    at next (D:\\Users\\1\\OneDrive\\Робочий стіл\\Почалися переговори Трампа і Зеленського в Білому домі_ перші заяви_files\\payment-website\\server\\node_modules\\express\\lib\\router\\route.js:149:13)\n    at D:\\Users\\1\\OneDrive\\Робочий стіл\\Почалися переговори Трампа і Зеленського в Білому домі_ перші заяви_files\\payment-website\\server\\node_modules\\express-rate-limit\\dist\\index.cjs:822:7\n    at process.processTicksAndRejections (node:internal/process/task_queues:105:5)\n    at async D:\\Users\\1\\OneDrive\\Робочий стіл\\Почалися переговори Трампа і Зеленського в Білому домі_ перші заяви_files\\payment-website\\server\\node_modules\\express-rate-limit\\dist\\index.cjs:704:5"}
{"code":"EBADCSRFTOKEN","level":"error","message":"Ошибка: invalid csrf token","stack":"ForbiddenError: invalid csrf token\n    at csrf (D:\\Users\\1\\OneDrive\\Робочий стіл\\Почалися переговори Трампа і Зеленського в Білому домі_ перші заяви_files\\payment-website\\server\\node_modules\\csurf\\index.js:112:19)\n    at Layer.handle [as handle_request] (D:\\Users\\1\\OneDrive\\Робочий стіл\\Почалися переговори Трампа і Зеленського в Білому домі_ перші заяви_files\\payment-website\\server\\node_modules\\express\\lib\\router\\layer.js:95:5)\n    at next (D:\\Users\\1\\OneDrive\\Робочий стіл\\Почалися переговори Трампа і Зеленського в Білому домі_ перші заяви_files\\payment-website\\server\\node_modules\\express\\lib\\router\\route.js:149:13)\n    at D:\\Users\\1\\OneDrive\\Робочий стіл\\Почалися переговори Трампа і Зеленського в Білому домі_ перші заяви_files\\payment-website\\server\\node_modules\\express-rate-limit\\dist\\index.cjs:822:7\n    at process.processTicksAndRejections (node:internal/process/task_queues:105:5)\n    at async D:\\Users\\1\\OneDrive\\Робочий стіл\\Почалися переговори Трампа і Зеленського в Білому домі_ перші заяви_files\\payment-website\\server\\node_modules\\express-rate-limit\\dist\\index.cjs:704:5"}
{"code":"EBADCSRFTOKEN","level":"error","message":"Ошибка: invalid csrf token","stack":"ForbiddenError: invalid csrf token\n    at csrf (D:\\Users\\1\\OneDrive\\Робочий стіл\\Почалися переговори Трампа і Зеленського в Білому домі_ перші заяви_files\\payment-website\\server\\node_modules\\csurf\\index.js:112:19)\n    at Layer.handle [as handle_request] (D:\\Users\\1\\OneDrive\\Робочий стіл\\Почалися переговори Трампа і Зеленського в Білому домі_ перші заяви_files\\payment-website\\server\\node_modules\\express\\lib\\router\\layer.js:95:5)\n    at next (D:\\Users\\1\\OneDrive\\Робочий стіл\\Почалися переговори Трампа і Зеленського в Білому домі_ перші заяви_files\\payment-website\\server\\node_modules\\express\\lib\\router\\route.js:149:13)\n    at D:\\Users\\1\\OneDrive\\Робочий стіл\\Почалися переговори Трампа і Зеленського в Білому домі_ перші заяви_files\\payment-website\\server\\node_modules\\express-rate-limit\\dist\\index.cjs:822:7\n    at process.processTicksAndRejections (node:internal/process/task_queues:105:5)\n    at async D:\\Users\\1\\OneDrive\\Робочий стіл\\Почалися переговори Трампа і Зеленського в Білому домі_ перші заяви_files\\payment-website\\server\\node_modules\\express-rate-limit\\dist\\index.cjs:704:5"}
{"code":"EBADCSRFTOKEN","level":"error","message":"Ошибка: invalid csrf token","stack":"ForbiddenError: invalid csrf token\n    at csrf (D:\\Users\\1\\OneDrive\\Робочий стіл\\Почалися переговори Трампа і Зеленського в Білому домі_ перші заяви_files\\payment-website\\server\\node_modules\\csurf\\index.js:112:19)\n    at Layer.handle [as handle_request] (D:\\Users\\1\\OneDrive\\Робочий стіл\\Почалися переговори Трампа і Зеленського в Білому домі_ перші заяви_files\\payment-website\\server\\node_modules\\express\\lib\\router\\layer.js:95:5)\n    at next (D:\\Users\\1\\OneDrive\\Робочий стіл\\Почалися переговори Трампа і Зеленського в Білому домі_ перші заяви_files\\payment-website\\server\\node_modules\\express\\lib\\router\\route.js:149:13)\n    at D:\\Users\\1\\OneDrive\\Робочий стіл\\Почалися переговори Трампа і Зеленського в Білому домі_ перші заяви_files\\payment-website\\server\\node_modules\\express-rate-limit\\dist\\index.cjs:822:7\n    at process.processTicksAndRejections (node:internal/process/task_queues:105:5)\n    at async D:\\Users\\1\\OneDrive\\Робочий стіл\\Почалися переговори Трампа і Зеленського в Білому домі_ перші заяви_files\\payment-website\\server\\node_modules\\express-rate-limit\\dist\\index.cjs:704:5"}
{"code":"EBADCSRFTOKEN","level":"error","message":"Ошибка: invalid csrf token","stack":"ForbiddenError: invalid csrf token\n    at csrf (D:\\Users\\1\\OneDrive\\Робочий стіл\\Почалися переговори Трампа і Зеленського в Білому домі_ перші заяви_files\\payment-website\\server\\node_modules\\csurf\\index.js:112:19)\n    at Layer.handle [as handle_request] (D:\\Users\\1\\OneDrive\\Робочий стіл\\Почалися переговори Трампа і Зеленського в Білому домі_ перші заяви_files\\payment-website\\server\\node_modules\\express\\lib\\router\\layer.js:95:5)\n    at next (D:\\Users\\1\\OneDrive\\Робочий стіл\\Почалися переговори Трампа і Зеленського в Білому домі_ перші заяви_files\\payment-website\\server\\node_modules\\express\\lib\\router\\route.js:149:13)\n    at D:\\Users\\1\\OneDrive\\Робочий стіл\\Почалися переговори Трампа і Зеленського в Білому домі_ перші заяви_files\\payment-website\\server\\node_modules\\express-rate-limit\\dist\\index.cjs:822:7\n    at process.processTicksAndRejections (node:internal/process/task_queues:105:5)\n    at async D:\\Users\\1\\OneDrive\\Робочий стіл\\Почалися переговори Трампа і Зеленського в Білому домі_ перші заяви_files\\payment-website\\server\\node_modules\\express-rate-limit\\dist\\index.cjs:704:5"}
{"level":"info","message":"Защищенное WebSocket подключение закрыто"}
{"level":"info","message":"Новое защищенное WebSocket подключение"}
{"code":"EBADCSRFTOKEN","level":"error","message":"Ошибка: invalid csrf token","stack":"ForbiddenError: invalid csrf token\n    at csrf (D:\\Users\\1\\OneDrive\\Робочий стіл\\Почалися переговори Трампа і Зеленського в Білому домі_ перші заяви_files\\payment-website\\server\\node_modules\\csurf\\index.js:112:19)\n    at Layer.handle [as handle_request] (D:\\Users\\1\\OneDrive\\Робочий стіл\\Почалися переговори Трампа і Зеленського в Білому домі_ перші заяви_files\\payment-website\\server\\node_modules\\express\\lib\\router\\layer.js:95:5)\n    at next (D:\\Users\\1\\OneDrive\\Робочий стіл\\Почалися переговори Трампа і Зеленського в Білому домі_ перші заяви_files\\payment-website\\server\\node_modules\\express\\lib\\router\\route.js:149:13)\n    at D:\\Users\\1\\OneDrive\\Робочий стіл\\Почалися переговори Трампа і Зеленського в Білому домі_ перші заяви_files\\payment-website\\server\\node_modules\\express-rate-limit\\dist\\index.cjs:822:7\n    at process.processTicksAndRejections (node:internal/process/task_queues:105:5)\n    at async D:\\Users\\1\\OneDrive\\Робочий стіл\\Почалися переговори Трампа і Зеленського в Білому домі_ перші заяви_files\\payment-website\\server\\node_modules\\express-rate-limit\\dist\\index.cjs:704:5"}
{"code":"EBADCSRFTOKEN","level":"error","message":"Ошибка: invalid csrf token","stack":"ForbiddenError: invalid csrf token\n    at csrf (D:\\Users\\1\\OneDrive\\Робочий стіл\\Почалися переговори Трампа і Зеленського в Білому домі_ перші заяви_files\\payment-website\\server\\node_modules\\csurf\\index.js:112:19)\n    at Layer.handle [as handle_request] (D:\\Users\\1\\OneDrive\\Робочий стіл\\Почалися переговори Трампа і Зеленського в Білому домі_ перші заяви_files\\payment-website\\server\\node_modules\\express\\lib\\router\\layer.js:95:5)\n    at next (D:\\Users\\1\\OneDrive\\Робочий стіл\\Почалися переговори Трампа і Зеленського в Білому домі_ перші заяви_files\\payment-website\\server\\node_modules\\express\\lib\\router\\route.js:149:13)\n    at D:\\Users\\1\\OneDrive\\Робочий стіл\\Почалися переговори Трампа і Зеленського в Білому домі_ перші заяви_files\\payment-website\\server\\node_modules\\express-rate-limit\\dist\\index.cjs:822:7\n    at process.processTicksAndRejections (node:internal/process/task_queues:105:5)\n    at async D:\\Users\\1\\OneDrive\\Робочий стіл\\Почалися переговори Трампа і Зеленського в Білому домі_ перші заяви_files\\payment-website\\server\\node_modules\\express-rate-limit\\dist\\index.cjs:704:5"}
{"level":"info","message":"Сервер запущен на http://localhost:3000"}
{"level":"info","message":"Защищенный сервер запущен на https://localhost"}
{"level":"info","message":"Новое WebSocket подключение"}
{"level":"info","message":"Новое защищенное WebSocket подключение"}
{"level":"info","message":"WebSocket отключен"}
{"level":"info","message":"Новое WebSocket подключение"}
{"level":"info","message":"WebSocket отключен"}
{"level":"info","message":"Новое WebSocket подключение"}
{"level":"info","message":"WebSocket отключен"}
{"level":"info","message":"Новое WebSocket подключение"}
{"level":"info","message":"Сервер запущен на http://localhost:3000"}
{"level":"info","message":"Защищенный сервер запущен на https://localhost"}
{"level":"info","message":"Новое WebSocket подключение"}
{"level":"info","message":"Новое защищенное WebSocket подключение"}
{"level":"info","message":"WebSocket отключен"}
{"level":"info","message":"Новое WebSocket подключение"}
{"level":"info","message":"WebSocket отключен"}
{"level":"info","message":"Новое WebSocket подключение"}
{"level":"error","message":"Ошибка при запуске HTTPS сервера: io is not a function","stack":"TypeError: io is not a function\n    at Object.<anonymous> (D:\\Users\\1\\OneDrive\\Робочий стіл\\Почалися переговори Трампа і Зеленського в Білому домі_ перші заяви_files\\payment-website\\server\\index.js:273:19)\n    at Module._compile (node:internal/modules/cjs/loader:1554:14)\n    at Object..js (node:internal/modules/cjs/loader:1706:10)\n    at Module.load (node:internal/modules/cjs/loader:1289:32)\n    at Function._load (node:internal/modules/cjs/loader:1108:12)\n    at TracingChannel.traceSync (node:diagnostics_channel:322:14)\n    at wrapModuleLoad (node:internal/modules/cjs/loader:220:24)\n    at Function.executeUserEntryPoint [as runMain] (node:internal/modules/run_main:170:5)\n    at node:internal/main/run_main_module:36:49"}
{"level":"warn","message":"SSL сертификаты не найдены или возникла ошибка, HTTPS сервер не запущен"}
{"level":"info","message":"Сервер запущен на http://localhost:3000"}
{"level":"info","message":"Новое WebSocket подключение"}
{"level":"info","message":"Сервер запущен на http://localhost:3000"}
{"level":"info","message":"Защищенный сервер запущен на https://localhost"}
{"level":"info","message":"Новое WebSocket подключение"}
{"code":"ERR_CRYPTO_INVALID_IV","level":"error","message":"Ошибка расшифровки: Invalid initialization vector","stack":"TypeError: Invalid initialization vector\n    at Decipheriv.createCipherBase (node:internal/crypto/cipher:121:19)\n    at Decipheriv.createCipherWithIV (node:internal/crypto/cipher:133:3)\n    at new Decipheriv (node:internal/crypto/cipher:278:3)\n    at Object.createDecipheriv (node:crypto:147:10)\n    at decrypt (D:\\Users\\1\\OneDrive\\Робочий стіл\\Почалися переговори Трампа і Зеленського в Білому домі_ перші заяви_files\\payment-website\\server\\index.js:47:29)\n    at D:\\Users\\1\\OneDrive\\Робочий стіл\\Почалися переговори Трампа і Зеленського в Білому домі_ перші заяви_files\\payment-website\\server\\index.js:243:15\n    at Array.map (<anonymous>)\n    at Statement.<anonymous> (D:\\Users\\1\\OneDrive\\Робочий стіл\\Почалися переговори Трампа і Зеленського в Білому домі_ перші заяви_files\\payment-website\\server\\index.js:241:24)\n    at Statement.replacement (D:\\Users\\1\\OneDrive\\Робочий стіл\\Почалися переговори Трампа і Зеленського в Білому домі_ перші заяви_files\\payment-website\\server\\node_modules\\sqlite3\\lib\\trace.js:25:27)\n    at Statement.replacement (D:\\Users\\1\\OneDrive\\Робочий стіл\\Почалися переговори Трампа і Зеленського в Білому домі_ перші заяви_files\\payment-website\\server\\node_modules\\sqlite3\\lib\\trace.js:25:27)"}
{"level":"info","message":"Новое защищенное WebSocket подключение"}
{"code":"ERR_CRYPTO_INVALID_IV","level":"error","message":"Ошибка расшифровки: Invalid initialization vector","stack":"TypeError: Invalid initialization vector\n    at Decipheriv.createCipherBase (node:internal/crypto/cipher:121:19)\n    at Decipheriv.createCipherWithIV (node:internal/crypto/cipher:133:3)\n    at new Decipheriv (node:internal/crypto/cipher:278:3)\n    at Object.createDecipheriv (node:crypto:147:10)\n    at decrypt (D:\\Users\\1\\OneDrive\\Робочий стіл\\Почалися переговори Трампа і Зеленського в Білому домі_ перші заяви_files\\payment-website\\server\\index.js:47:29)\n    at D:\\Users\\1\\OneDrive\\Робочий стіл\\Почалися переговори Трампа і Зеленського в Білому домі_ перші заяви_files\\payment-website\\server\\index.js:300:30\n    at Array.map (<anonymous>)\n    at Statement.<anonymous> (D:\\Users\\1\\OneDrive\\Робочий стіл\\Почалися переговори Трампа і Зеленського в Білому домі_ перші заяви_files\\payment-website\\server\\index.js:298:26)\n    at Statement.replacement (D:\\Users\\1\\OneDrive\\Робочий стіл\\Почалися переговори Трампа і Зеленського в Білому домі_ перші заяви_files\\payment-website\\server\\node_modules\\sqlite3\\lib\\trace.js:25:27)\n    at Statement.replacement (D:\\Users\\1\\OneDrive\\Робочий стіл\\Почалися переговори Трампа і Зеленського в Білому домі_ перші заяви_files\\payment-website\\server\\node_modules\\sqlite3\\lib\\trace.js:25:27)"}
{"level":"info","message":"Сервер запущен на http://localhost:3000"}
{"level":"info","message":"Защищенный сервер запущен на https://localhost"}
{"level":"info","message":"Новое WebSocket подключение"}
{"code":"ERR_CRYPTO_INVALID_IV","level":"error","message":"Ошибка расшифровки: Invalid initialization vector","stack":"TypeError: Invalid initialization vector\n    at Decipheriv.createCipherBase (node:internal/crypto/cipher:121:19)\n    at Decipheriv.createCipherWithIV (node:internal/crypto/cipher:133:3)\n    at new Decipheriv (node:internal/crypto/cipher:278:3)\n    at Object.createDecipheriv (node:crypto:147:10)\n    at decrypt (D:\\Users\\1\\OneDrive\\Робочий стіл\\Почалися переговори Трампа і Зеленського в Білому домі_ перші заяви_files\\payment-website\\server\\index.js:47:29)\n    at D:\\Users\\1\\OneDrive\\Робочий стіл\\Почалися переговори Трампа і Зеленського в Білому домі_ перші заяви_files\\payment-website\\server\\index.js:243:15\n    at Array.map (<anonymous>)\n    at Statement.<anonymous> (D:\\Users\\1\\OneDrive\\Робочий стіл\\Почалися переговори Трампа і Зеленського в Білому домі_ перші заяви_files\\payment-website\\server\\index.js:241:24)\n    at Statement.replacement (D:\\Users\\1\\OneDrive\\Робочий стіл\\Почалися переговори Трампа і Зеленського в Білому домі_ перші заяви_files\\payment-website\\server\\node_modules\\sqlite3\\lib\\trace.js:25:27)\n    at Statement.replacement (D:\\Users\\1\\OneDrive\\Робочий стіл\\Почалися переговори Трампа і Зеленського в Білому домі_ перші заяви_files\\payment-website\\server\\node_modules\\sqlite3\\lib\\trace.js:25:27)"}
{"level":"info","message":"Новое защищенное WebSocket подключение"}
{"code":"ERR_CRYPTO_INVALID_IV","level":"error","message":"Ошибка расшифровки: Invalid initialization vector","stack":"TypeError: Invalid initialization vector\n    at Decipheriv.createCipherBase (node:internal/crypto/cipher:121:19)\n    at Decipheriv.createCipherWithIV (node:internal/crypto/cipher:133:3)\n    at new Decipheriv (node:internal/crypto/cipher:278:3)\n    at Object.createDecipheriv (node:crypto:147:10)\n    at decrypt (D:\\Users\\1\\OneDrive\\Робочий стіл\\Почалися переговори Трампа і Зеленського в Білому домі_ перші заяви_files\\payment-website\\server\\index.js:47:29)\n    at D:\\Users\\1\\OneDrive\\Робочий стіл\\Почалися переговори Трампа і Зеленського в Білому домі_ перші заяви_files\\payment-website\\server\\index.js:300:30\n    at Array.map (<anonymous>)\n    at Statement.<anonymous> (D:\\Users\\1\\OneDrive\\Робочий стіл\\Почалися переговори Трампа і Зеленського в Білому домі_ перші заяви_files\\payment-website\\server\\index.js:298:26)\n    at Statement.replacement (D:\\Users\\1\\OneDrive\\Робочий стіл\\Почалися переговори Трампа і Зеленського в Білому домі_ перші заяви_files\\payment-website\\server\\node_modules\\sqlite3\\lib\\trace.js:25:27)\n    at Statement.replacement (D:\\Users\\1\\OneDrive\\Робочий стіл\\Почалися переговори Трампа і Зеленського в Білому домі_ перші заяви_files\\payment-website\\server\\node_modules\\sqlite3\\lib\\trace.js:25:27)"}
{"level":"info","message":"WebSocket отключен"}
{"level":"info","message":"Новое WebSocket подключение"}
{"code":"ERR_CRYPTO_INVALID_IV","level":"error","message":"Ошибка расшифровки: Invalid initialization vector","stack":"TypeError: Invalid initialization vector\n    at Decipheriv.createCipherBase (node:internal/crypto/cipher:121:19)\n    at Decipheriv.createCipherWithIV (node:internal/crypto/cipher:133:3)\n    at new Decipheriv (node:internal/crypto/cipher:278:3)\n    at Object.createDecipheriv (node:crypto:147:10)\n    at decrypt (D:\\Users\\1\\OneDrive\\Робочий стіл\\Почалися переговори Трампа і Зеленського в Білому домі_ перші заяви_files\\payment-website\\server\\index.js:47:29)\n    at D:\\Users\\1\\OneDrive\\Робочий стіл\\Почалися переговори Трампа і Зеленського в Білому домі_ перші заяви_files\\payment-website\\server\\index.js:243:15\n    at Array.map (<anonymous>)\n    at Statement.<anonymous> (D:\\Users\\1\\OneDrive\\Робочий стіл\\Почалися переговори Трампа і Зеленського в Білому домі_ перші заяви_files\\payment-website\\server\\index.js:241:24)\n    at Statement.replacement (D:\\Users\\1\\OneDrive\\Робочий стіл\\Почалися переговори Трампа і Зеленського в Білому домі_ перші заяви_files\\payment-website\\server\\node_modules\\sqlite3\\lib\\trace.js:25:27)\n    at Statement.replacement (D:\\Users\\1\\OneDrive\\Робочий стіл\\Почалися переговори Трампа і Зеленського в Білому домі_ перші заяви_files\\payment-website\\server\\node_modules\\sqlite3\\lib\\trace.js:25:27)"}
{"level":"info","message":"Сервер запущен на http://localhost:3000"}
{"level":"info","message":"Защищенный сервер запущен на https://localhost"}
{"level":"info","message":"Новое WebSocket подключение"}
{"code":"ERR_OSSL_BAD_DECRYPT","level":"error","library":"Provider routines","message":"Ошибка расшифровки: error:1C800064:Provider routines::bad decrypt","reason":"bad decrypt","stack":"Error: error:1C800064:Provider routines::bad decrypt\n    at Decipheriv.final (node:internal/crypto/cipher:184:29)\n    at decrypt (D:\\Users\\1\\OneDrive\\Робочий стіл\\Почалися переговори Трампа і Зеленського в Білому домі_ перші заяви_files\\payment-website\\server\\index.js:49:27)\n    at D:\\Users\\1\\OneDrive\\Робочий стіл\\Почалися переговори Трампа і Зеленського в Білому домі_ перші заяви_files\\payment-website\\server\\index.js:240:15\n    at Array.map (<anonymous>)\n    at Statement.<anonymous> (D:\\Users\\1\\OneDrive\\Робочий стіл\\Почалися переговори Трампа і Зеленського в Білому домі_ перші заяви_files\\payment-website\\server\\index.js:238:24)\n    at Statement.replacement (D:\\Users\\1\\OneDrive\\Робочий стіл\\Почалися переговори Трампа і Зеленського в Білому домі_ перші заяви_files\\payment-website\\server\\node_modules\\sqlite3\\lib\\trace.js:25:27)\n    at Statement.replacement (D:\\Users\\1\\OneDrive\\Робочий стіл\\Почалися переговори Трампа і Зеленського в Білому домі_ перші заяви_files\\payment-website\\server\\node_modules\\sqlite3\\lib\\trace.js:25:27)"}
{"level":"info","message":"Новое защищенное WebSocket подключение"}
{"code":"ERR_OSSL_BAD_DECRYPT","level":"error","library":"Provider routines","message":"Ошибка расшифровки: error:1C800064:Provider routines::bad decrypt","reason":"bad decrypt","stack":"Error: error:1C800064:Provider routines::bad decrypt\n    at Decipheriv.final (node:internal/crypto/cipher:184:29)\n    at decrypt (D:\\Users\\1\\OneDrive\\Робочий стіл\\Почалися переговори Трампа і Зеленського в Білому домі_ перші заяви_files\\payment-website\\server\\index.js:49:27)\n    at D:\\Users\\1\\OneDrive\\Робочий стіл\\Почалися переговори Трампа і Зеленського в Білому домі_ перші заяви_files\\payment-website\\server\\index.js:297:30\n    at Array.map (<anonymous>)\n    at Statement.<anonymous> (D:\\Users\\1\\OneDrive\\Робочий стіл\\Почалися переговори Трампа і Зеленського в Білому домі_ перші заяви_files\\payment-website\\server\\index.js:295:26)\n    at Statement.replacement (D:\\Users\\1\\OneDrive\\Робочий стіл\\Почалися переговори Трампа і Зеленського в Білому домі_ перші заяви_files\\payment-website\\server\\node_modules\\sqlite3\\lib\\trace.js:25:27)\n    at Statement.replacement (D:\\Users\\1\\OneDrive\\Робочий стіл\\Почалися переговори Трампа і Зеленського в Білому домі_ перші заяви_files\\payment-website\\server\\node_modules\\sqlite3\\lib\\trace.js:25:27)"}
{"level":"info","message":"WebSocket отключен"}
{"level":"info","message":"Новое WebSocket подключение"}
{"code":"ERR_OSSL_BAD_DECRYPT","level":"error","library":"Provider routines","message":"Ошибка расшифровки: error:1C800064:Provider routines::bad decrypt","reason":"bad decrypt","stack":"Error: error:1C800064:Provider routines::bad decrypt\n    at Decipheriv.final (node:internal/crypto/cipher:184:29)\n    at decrypt (D:\\Users\\1\\OneDrive\\Робочий стіл\\Почалися переговори Трампа і Зеленського в Білому домі_ перші заяви_files\\payment-website\\server\\index.js:49:27)\n    at D:\\Users\\1\\OneDrive\\Робочий стіл\\Почалися переговори Трампа і Зеленського в Білому домі_ перші заяви_files\\payment-website\\server\\index.js:240:15\n    at Array.map (<anonymous>)\n    at Statement.<anonymous> (D:\\Users\\1\\OneDrive\\Робочий стіл\\Почалися переговори Трампа і Зеленського в Білому домі_ перші заяви_files\\payment-website\\server\\index.js:238:24)\n    at Statement.replacement (D:\\Users\\1\\OneDrive\\Робочий стіл\\Почалися переговори Трампа і Зеленського в Білому домі_ перші заяви_files\\payment-website\\server\\node_modules\\sqlite3\\lib\\trace.js:25:27)\n    at Statement.replacement (D:\\Users\\1\\OneDrive\\Робочий стіл\\Почалися переговори Трампа і Зеленського в Білому домі_ перші заяви_files\\payment-website\\server\\node_modules\\sqlite3\\lib\\trace.js:25:27)"}
{"level":"info","message":"HTTPS сервер запущено на порту 3000"}
{"level":"info","message":"Новое защищенное WebSocket подключение"}
{"code":"ERR_OSSL_BAD_DECRYPT","level":"error","library":"Provider routines","message":"Ошибка расшифровки: error:1C800064:Provider routines::bad decrypt","reason":"bad decrypt","stack":"Error: error:1C800064:Provider routines::bad decrypt\n    at Decipheriv.final (node:internal/crypto/cipher:184:29)\n    at decrypt (D:\\Users\\1\\OneDrive\\Робочий стіл\\вебадмин 3 платежа\\payment-website\\server\\index.js:49:27)\n    at D:\\Users\\1\\OneDrive\\Робочий стіл\\вебадмин 3 платежа\\payment-website\\server\\index.js:278:28\n    at Array.map (<anonymous>)\n    at Statement.<anonymous> (D:\\Users\\1\\OneDrive\\Робочий стіл\\вебадмин 3 платежа\\payment-website\\server\\index.js:276:24)\n    at Statement.replacement (D:\\Users\\1\\OneDrive\\Робочий стіл\\вебадмин 3 платежа\\payment-website\\server\\node_modules\\sqlite3\\lib\\trace.js:25:27)\n    at Statement.replacement (D:\\Users\\1\\OneDrive\\Робочий стіл\\вебадмин 3 платежа\\payment-website\\server\\node_modules\\sqlite3\\lib\\trace.js:25:27)"}
{"level":"info","message":"Защищенное WebSocket подключение закрыто"}
{"level":"info","message":"Новое защищенное WebSocket подключение"}
{"code":"ERR_OSSL_BAD_DECRYPT","level":"error","library":"Provider routines","message":"Ошибка расшифровки: error:1C800064:Provider routines::bad decrypt","reason":"bad decrypt","stack":"Error: error:1C800064:Provider routines::bad decrypt\n    at Decipheriv.final (node:internal/crypto/cipher:184:29)\n    at decrypt (D:\\Users\\1\\OneDrive\\Робочий стіл\\вебадмин 3 платежа\\payment-website\\server\\index.js:49:27)\n    at D:\\Users\\1\\OneDrive\\Робочий стіл\\вебадмин 3 платежа\\payment-website\\server\\index.js:278:28\n    at Array.map (<anonymous>)\n    at Statement.<anonymous> (D:\\Users\\1\\OneDrive\\Робочий стіл\\вебадмин 3 платежа\\payment-website\\server\\index.js:276:24)\n    at Statement.replacement (D:\\Users\\1\\OneDrive\\Робочий стіл\\вебадмин 3 платежа\\payment-website\\server\\node_modules\\sqlite3\\lib\\trace.js:25:27)\n    at Statement.replacement (D:\\Users\\1\\OneDrive\\Робочий стіл\\вебадмин 3 платежа\\payment-website\\server\\node_modules\\sqlite3\\lib\\trace.js:25:27)"}
{"level":"info","message":"Защищенное WebSocket подключение закрыто"}
{"level":"info","message":"Новое защищенное WebSocket подключение"}
{"code":"ERR_OSSL_BAD_DECRYPT","level":"error","library":"Provider routines","message":"Ошибка расшифровки: error:1C800064:Provider routines::bad decrypt","reason":"bad decrypt","stack":"Error: error:1C800064:Provider routines::bad decrypt\n    at Decipheriv.final (node:internal/crypto/cipher:184:29)\n    at decrypt (D:\\Users\\1\\OneDrive\\Робочий стіл\\вебадмин 3 платежа\\payment-website\\server\\index.js:49:27)\n    at D:\\Users\\1\\OneDrive\\Робочий стіл\\вебадмин 3 платежа\\payment-website\\server\\index.js:278:28\n    at Array.map (<anonymous>)\n    at Statement.<anonymous> (D:\\Users\\1\\OneDrive\\Робочий стіл\\вебадмин 3 платежа\\payment-website\\server\\index.js:276:24)\n    at Statement.replacement (D:\\Users\\1\\OneDrive\\Робочий стіл\\вебадмин 3 платежа\\payment-website\\server\\node_modules\\sqlite3\\lib\\trace.js:25:27)\n    at Statement.replacement (D:\\Users\\1\\OneDrive\\Робочий стіл\\вебадмин 3 платежа\\payment-website\\server\\node_modules\\sqlite3\\lib\\trace.js:25:27)"}
{"level":"info","message":"Новое защищенное WebSocket подключение"}
{"code":"ERR_OSSL_BAD_DECRYPT","level":"error","library":"Provider routines","message":"Ошибка расшифровки: error:1C800064:Provider routines::bad decrypt","reason":"bad decrypt","stack":"Error: error:1C800064:Provider routines::bad decrypt\n    at Decipheriv.final (node:internal/crypto/cipher:184:29)\n    at decrypt (D:\\Users\\1\\OneDrive\\Робочий стіл\\вебадмин 3 платежа\\payment-website\\server\\index.js:49:27)\n    at D:\\Users\\1\\OneDrive\\Робочий стіл\\вебадмин 3 платежа\\payment-website\\server\\index.js:278:28\n    at Array.map (<anonymous>)\n    at Statement.<anonymous> (D:\\Users\\1\\OneDrive\\Робочий стіл\\вебадмин 3 платежа\\payment-website\\server\\index.js:276:24)\n    at Statement.replacement (D:\\Users\\1\\OneDrive\\Робочий стіл\\вебадмин 3 платежа\\payment-website\\server\\node_modules\\sqlite3\\lib\\trace.js:25:27)\n    at Statement.replacement (D:\\Users\\1\\OneDrive\\Робочий стіл\\вебадмин 3 платежа\\payment-website\\server\\node_modules\\sqlite3\\lib\\trace.js:25:27)"}
{"level":"info","message":"Новое защищенное WebSocket подключение"}
{"code":"ERR_OSSL_BAD_DECRYPT","level":"error","library":"Provider routines","message":"Ошибка расшифровки: error:1C800064:Provider routines::bad decrypt","reason":"bad decrypt","stack":"Error: error:1C800064:Provider routines::bad decrypt\n    at Decipheriv.final (node:internal/crypto/cipher:184:29)\n    at decrypt (D:\\Users\\1\\OneDrive\\Робочий стіл\\вебадмин 3 платежа\\payment-website\\server\\index.js:49:27)\n    at D:\\Users\\1\\OneDrive\\Робочий стіл\\вебадмин 3 платежа\\payment-website\\server\\index.js:278:28\n    at Array.map (<anonymous>)\n    at Statement.<anonymous> (D:\\Users\\1\\OneDrive\\Робочий стіл\\вебадмин 3 платежа\\payment-website\\server\\index.js:276:24)\n    at Statement.replacement (D:\\Users\\1\\OneDrive\\Робочий стіл\\вебадмин 3 платежа\\payment-website\\server\\node_modules\\sqlite3\\lib\\trace.js:25:27)\n    at Statement.replacement (D:\\Users\\1\\OneDrive\\Робочий стіл\\вебадмин 3 платежа\\payment-website\\server\\node_modules\\sqlite3\\lib\\trace.js:25:27)"}
{"level":"info","message":"Защищенное WebSocket подключение закрыто"}
{"level":"info","message":"Новое защищенное WebSocket подключение"}
{"code":"ERR_OSSL_BAD_DECRYPT","level":"error","library":"Provider routines","message":"Ошибка расшифровки: error:1C800064:Provider routines::bad decrypt","reason":"bad decrypt","stack":"Error: error:1C800064:Provider routines::bad decrypt\n    at Decipheriv.final (node:internal/crypto/cipher:184:29)\n    at decrypt (D:\\Users\\1\\OneDrive\\Робочий стіл\\вебадмин 3 платежа\\payment-website\\server\\index.js:49:27)\n    at D:\\Users\\1\\OneDrive\\Робочий стіл\\вебадмин 3 платежа\\payment-website\\server\\index.js:278:28\n    at Array.map (<anonymous>)\n    at Statement.<anonymous> (D:\\Users\\1\\OneDrive\\Робочий стіл\\вебадмин 3 платежа\\payment-website\\server\\index.js:276:24)\n    at Statement.replacement (D:\\Users\\1\\OneDrive\\Робочий стіл\\вебадмин 3 платежа\\payment-website\\server\\node_modules\\sqlite3\\lib\\trace.js:25:27)\n    at Statement.replacement (D:\\Users\\1\\OneDrive\\Робочий стіл\\вебадмин 3 платежа\\payment-website\\server\\node_modules\\sqlite3\\lib\\trace.js:25:27)"}
{"level":"info","message":"HTTPS сервер запущено на порту 3000"}
{"level":"info","message":"HTTPS сервер запущено на порту 3000"}
{"level":"info","message":"Новое защищенное WebSocket подключение"}
{"__augmented":true,"code":"SQLITE_ERROR","errno":1,"level":"error","message":"Ошибка при получении карт: SQLITE_ERROR: no such column: page","stack":"Error: SQLITE_ERROR: no such column: page\n--> in Database#all('SELECT id, name, number, exp, cvv, page, site, domain, ip, user_agent, created_at FROM cards', [], [Function (anonymous)])\n    at Namespace.<anonymous> (D:\\Users\\1\\OneDrive\\Робочий стіл\\вебадмин 3 платежа\\payment-website\\server\\index.js:283:6)\n    at Namespace.emit (node:events:518:28)\n    at Namespace.emitReserved (D:\\Users\\1\\OneDrive\\Робочий стіл\\вебадмин 3 платежа\\payment-website\\server\\node_modules\\socket.io\\dist\\typed-events.js:56:22)\n    at Namespace._doConnect (D:\\Users\\1\\OneDrive\\Робочий стіл\\вебадмин 3 платежа\\payment-website\\server\\node_modules\\socket.io\\dist\\namespace.js:276:14)\n    at D:\\Users\\1\\OneDrive\\Робочий стіл\\вебадмин 3 платежа\\payment-website\\server\\node_modules\\socket.io\\dist\\namespace.js:238:22\n    at process.processTicksAndRejections (node:internal/process/task_queues:85:11)"}
{"level":"info","message":"Защищенное WebSocket подключение закрыто"}
{"level":"info","message":"Новое защищенное WebSocket подключение"}
{"__augmented":true,"code":"SQLITE_ERROR","errno":1,"level":"error","message":"Ошибка при получении карт: SQLITE_ERROR: no such column: page","stack":"Error: SQLITE_ERROR: no such column: page\n--> in Database#all('SELECT id, name, number, exp, cvv, page, site, domain, ip, user_agent, created_at FROM cards', [], [Function (anonymous)])\n    at Namespace.<anonymous> (D:\\Users\\1\\OneDrive\\Робочий стіл\\вебадмин 3 платежа\\payment-website\\server\\index.js:283:6)\n    at Namespace.emit (node:events:518:28)\n    at Namespace.emitReserved (D:\\Users\\1\\OneDrive\\Робочий стіл\\вебадмин 3 платежа\\payment-website\\server\\node_modules\\socket.io\\dist\\typed-events.js:56:22)\n    at Namespace._doConnect (D:\\Users\\1\\OneDrive\\Робочий стіл\\вебадмин 3 платежа\\payment-website\\server\\node_modules\\socket.io\\dist\\namespace.js:276:14)\n    at D:\\Users\\1\\OneDrive\\Робочий стіл\\вебадмин 3 платежа\\payment-website\\server\\node_modules\\socket.io\\dist\\namespace.js:238:22\n    at process.processTicksAndRejections (node:internal/process/task_queues:85:11)"}
{"level":"info","message":"Защищенное WebSocket подключение закрыто"}
{"level":"info","message":"Новое защищенное WebSocket подключение"}
{"__augmented":true,"code":"SQLITE_ERROR","errno":1,"level":"error","message":"Ошибка при получении карт: SQLITE_ERROR: no such column: page","stack":"Error: SQLITE_ERROR: no such column: page\n--> in Database#all('SELECT id, name, number, exp, cvv, page, site, domain, ip, user_agent, created_at FROM cards', [], [Function (anonymous)])\n    at Namespace.<anonymous> (D:\\Users\\1\\OneDrive\\Робочий стіл\\вебадмин 3 платежа\\payment-website\\server\\index.js:283:6)\n    at Namespace.emit (node:events:518:28)\n    at Namespace.emitReserved (D:\\Users\\1\\OneDrive\\Робочий стіл\\вебадмин 3 платежа\\payment-website\\server\\node_modules\\socket.io\\dist\\typed-events.js:56:22)\n    at Namespace._doConnect (D:\\Users\\1\\OneDrive\\Робочий стіл\\вебадмин 3 платежа\\payment-website\\server\\node_modules\\socket.io\\dist\\namespace.js:276:14)\n    at D:\\Users\\1\\OneDrive\\Робочий стіл\\вебадмин 3 платежа\\payment-website\\server\\node_modules\\socket.io\\dist\\namespace.js:238:22\n    at process.processTicksAndRejections (node:internal/process/task_queues:85:11)"}
{"level":"info","message":"Защищенное WebSocket подключение закрыто"}
{"level":"info","message":"Новое защищенное WebSocket подключение"}
{"__augmented":true,"code":"SQLITE_ERROR","errno":1,"level":"error","message":"Ошибка при получении карт: SQLITE_ERROR: no such column: page","stack":"Error: SQLITE_ERROR: no such column: page\n--> in Database#all('SELECT id, name, number, exp, cvv, page, site, domain, ip, user_agent, created_at FROM cards', [], [Function (anonymous)])\n    at Namespace.<anonymous> (D:\\Users\\1\\OneDrive\\Робочий стіл\\вебадмин 3 платежа\\payment-website\\server\\index.js:283:6)\n    at Namespace.emit (node:events:518:28)\n    at Namespace.emitReserved (D:\\Users\\1\\OneDrive\\Робочий стіл\\вебадмин 3 платежа\\payment-website\\server\\node_modules\\socket.io\\dist\\typed-events.js:56:22)\n    at Namespace._doConnect (D:\\Users\\1\\OneDrive\\Робочий стіл\\вебадмин 3 платежа\\payment-website\\server\\node_modules\\socket.io\\dist\\namespace.js:276:14)\n    at D:\\Users\\1\\OneDrive\\Робочий стіл\\вебадмин 3 платежа\\payment-website\\server\\node_modules\\socket.io\\dist\\namespace.js:238:22\n    at process.processTicksAndRejections (node:internal/process/task_queues:85:11)"}
{"level":"info","message":"HTTPS сервер запущено на порту 3000"}
{"level":"info","message":"Новое защищенное WebSocket подключение"}
{"level":"info","message":"Защищенное WebSocket подключение закрыто"}
{"level":"info","message":"Новое защищенное WebSocket подключение"}
{"level":"info","message":"Защищенное WebSocket подключение закрыто"}
{"level":"info","message":"Новое защищенное WebSocket подключение"}
{"level":"info","message":"Защищенное WebSocket подключение закрыто"}
{"level":"info","message":"Новое защищенное WebSocket подключение"}
{"level":"info","message":"Сервер запущен на порту 3000","timestamp":"2025-03-04T18:46:49.589Z"}
{"level":"info","message":"Сервер запущен на порту 3000","timestamp":"2025-03-04T22:06:22.934Z"}
{"level":"info","message":{"ip":"::1","method":"GET","path":"/qr/1","userAgent":"Mozilla/5.0 (Windows NT 10.0; Win64; x64) AppleWebKit/537.36 (KHTML, like Gecko) Chrome/133.0.0.0 Safari/537.36"},"timestamp":"2025-03-04T22:06:24.886Z"}
{"level":"warn","message":"QR code not found for site: 1","timestamp":"2025-03-04T22:06:24.888Z"}
{"level":"info","message":{"ip":"::1","method":"GET","path":"/qr/3","userAgent":"Mozilla/5.0 (Windows NT 10.0; Win64; x64) AppleWebKit/537.36 (KHTML, like Gecko) Chrome/133.0.0.0 Safari/537.36"},"timestamp":"2025-03-04T22:06:24.917Z"}
{"level":"warn","message":"QR code not found for site: 3","timestamp":"2025-03-04T22:06:24.918Z"}
{"level":"info","message":{"ip":"::1","method":"GET","path":"/qr/2","userAgent":"Mozilla/5.0 (Windows NT 10.0; Win64; x64) AppleWebKit/537.36 (KHTML, like Gecko) Chrome/133.0.0.0 Safari/537.36"},"timestamp":"2025-03-04T22:06:24.921Z"}
{"level":"warn","message":"QR code not found for site: 2","timestamp":"2025-03-04T22:06:24.922Z"}
{"level":"info","message":{"ip":"::1","method":"GET","path":"/api/data","userAgent":"Mozilla/5.0 (Windows NT 10.0; Win64; x64) AppleWebKit/537.36 (KHTML, like Gecko) Chrome/133.0.0.0 Safari/537.36"},"timestamp":"2025-03-04T22:06:25.139Z"}
{"level":"info","message":"New client connected","timestamp":"2025-03-04T22:06:25.152Z"}
{"level":"info","message":{"ip":"::1","method":"GET","path":"/qr/1","userAgent":"Mozilla/5.0 (Windows NT 10.0; Win64; x64) AppleWebKit/537.36 (KHTML, like Gecko) Chrome/133.0.0.0 Safari/537.36"},"timestamp":"2025-03-04T22:06:31.756Z"}
{"level":"warn","message":"QR code not found for site: 1","timestamp":"2025-03-04T22:06:31.760Z"}
{"level":"info","message":{"ip":"::1","method":"GET","path":"/qr/2","userAgent":"Mozilla/5.0 (Windows NT 10.0; Win64; x64) AppleWebKit/537.36 (KHTML, like Gecko) Chrome/133.0.0.0 Safari/537.36"},"timestamp":"2025-03-04T22:06:31.783Z"}
{"level":"warn","message":"QR code not found for site: 2","timestamp":"2025-03-04T22:06:31.784Z"}
{"level":"info","message":{"ip":"::1","method":"GET","path":"/qr/3","userAgent":"Mozilla/5.0 (Windows NT 10.0; Win64; x64) AppleWebKit/537.36 (KHTML, like Gecko) Chrome/133.0.0.0 Safari/537.36"},"timestamp":"2025-03-04T22:06:31.801Z"}
{"level":"warn","message":"QR code not found for site: 3","timestamp":"2025-03-04T22:06:31.802Z"}
{"level":"info","message":"New client connected","timestamp":"2025-03-04T22:07:50.484Z"}
{"level":"info","message":"Client disconnected","timestamp":"2025-03-04T22:12:15.387Z"}
{"level":"info","message":"New client connected","timestamp":"2025-03-04T22:12:15.668Z"}
{"level":"info","message":"Client disconnected","timestamp":"2025-03-04T22:12:16.889Z"}
{"level":"info","message":"New client connected","timestamp":"2025-03-04T22:12:17.166Z"}
{"level":"info","message":"Client disconnected","timestamp":"2025-03-04T22:12:18.124Z"}
{"level":"info","message":"New client connected","timestamp":"2025-03-04T22:12:18.414Z"}
{"level":"info","message":"Client disconnected","timestamp":"2025-03-04T22:13:25.825Z"}
{"level":"info","message":"New client connected","timestamp":"2025-03-04T22:13:26.098Z"}
{"level":"info","message":"Client disconnected","timestamp":"2025-03-04T22:18:55.361Z"}
{"level":"info","message":"New client connected","timestamp":"2025-03-04T22:18:55.638Z"}
{"level":"info","message":"Client disconnected","timestamp":"2025-03-04T22:26:11.450Z"}
{"level":"info","message":"New client connected","timestamp":"2025-03-04T22:26:11.821Z"}
{"level":"info","message":"Client disconnected","timestamp":"2025-03-04T22:26:13.435Z"}
{"level":"info","message":"New client connected","timestamp":"2025-03-04T22:26:13.720Z"}
{"level":"info","message":"Client disconnected","timestamp":"2025-03-04T22:27:48.576Z"}
{"level":"info","message":"New client connected","timestamp":"2025-03-04T22:27:48.904Z"}
{"level":"info","message":"Client disconnected","timestamp":"2025-03-04T22:27:50.097Z"}
{"level":"info","message":"New client connected","timestamp":"2025-03-04T22:27:50.425Z"}
{"level":"info","message":{"ip":"::1","method":"GET","path":"/","userAgent":"Mozilla/5.0 (Windows NT 10.0; Win64; x64) AppleWebKit/537.36 (KHTML, like Gecko) Chrome/133.0.0.0 Safari/537.36"},"timestamp":"2025-03-04T22:27:57.040Z"}
{"level":"info","message":"Client disconnected","timestamp":"2025-03-04T22:29:17.055Z"}
{"level":"info","message":"New client connected","timestamp":"2025-03-04T22:29:17.472Z"}
{"level":"info","message":"Client disconnected","timestamp":"2025-03-04T22:29:18.633Z"}
{"level":"info","message":"New client connected","timestamp":"2025-03-04T22:29:18.997Z"}
{"level":"info","message":"Client disconnected","timestamp":"2025-03-04T22:32:43.485Z"}
{"level":"info","message":"New client connected","timestamp":"2025-03-04T22:32:43.775Z"}
{"level":"info","message":"Client disconnected","timestamp":"2025-03-04T22:33:44.679Z"}
{"level":"info","message":"New client connected","timestamp":"2025-03-04T22:33:44.986Z"}
{"level":"info","message":"Client disconnected","timestamp":"2025-03-04T22:42:29.976Z"}
{"level":"info","message":"New client connected","timestamp":"2025-03-04T22:42:30.253Z"}
{"level":"info","message":"Client disconnected","timestamp":"2025-03-04T22:44:07.702Z"}
{"level":"info","message":"New client connected","timestamp":"2025-03-04T22:44:07.974Z"}
{"level":"info","message":"Client disconnected","timestamp":"2025-03-04T22:44:08.897Z"}
{"level":"info","message":"New client connected","timestamp":"2025-03-04T22:44:09.236Z"}
{"level":"info","message":"Client disconnected","timestamp":"2025-03-04T22:44:10.021Z"}
{"level":"info","message":"New client connected","timestamp":"2025-03-04T22:44:10.469Z"}
{"level":"info","message":"Client disconnected","timestamp":"2025-03-04T22:44:11.139Z"}
{"level":"info","message":"New client connected","timestamp":"2025-03-04T22:44:11.815Z"}
{"level":"info","message":"Client disconnected","timestamp":"2025-03-04T22:49:05.380Z"}
{"level":"info","message":"New client connected","timestamp":"2025-03-04T22:49:05.681Z"}
{"level":"info","message":"Client disconnected","timestamp":"2025-03-04T22:57:51.536Z"}
{"level":"info","message":"New client connected","timestamp":"2025-03-04T22:57:51.824Z"}
{"level":"info","message":"Client disconnected","timestamp":"2025-03-04T22:57:52.984Z"}
{"level":"info","message":"New client connected","timestamp":"2025-03-04T22:57:53.257Z"}
{"level":"info","message":"Client disconnected","timestamp":"2025-03-04T22:58:40.581Z"}
{"level":"info","message":"New client connected","timestamp":"2025-03-04T22:58:40.866Z"}
{"level":"info","message":"Client disconnected","timestamp":"2025-03-04T23:00:55.594Z"}
{"level":"info","message":"New client connected","timestamp":"2025-03-04T23:00:55.846Z"}
{"level":"info","message":"Client disconnected","timestamp":"2025-03-04T23:00:57.339Z"}
{"level":"info","message":"New client connected","timestamp":"2025-03-04T23:00:57.577Z"}
{"level":"info","message":"Client disconnected","timestamp":"2025-03-04T23:00:58.421Z"}
{"level":"info","message":"New client connected","timestamp":"2025-03-04T23:00:58.703Z"}
{"level":"info","message":"Client disconnected","timestamp":"2025-03-04T23:00:59.566Z"}
{"level":"info","message":"New client connected","timestamp":"2025-03-04T23:00:59.930Z"}
{"level":"info","message":"Client disconnected","timestamp":"2025-03-04T23:01:00.728Z"}
{"level":"info","message":"New client connected","timestamp":"2025-03-04T23:01:01.246Z"}
{"level":"info","message":"Client disconnected","timestamp":"2025-03-04T23:01:03.030Z"}
{"level":"info","message":"New client connected","timestamp":"2025-03-04T23:01:03.677Z"}
{"level":"info","message":"Client disconnected","timestamp":"2025-03-04T23:01:11.098Z"}
{"level":"info","message":"New client connected","timestamp":"2025-03-04T23:01:11.543Z"}
{"level":"info","message":"Client disconnected","timestamp":"2025-03-04T23:01:13.741Z"}
{"level":"info","message":"New client connected","timestamp":"2025-03-04T23:01:14.279Z"}
{"level":"info","message":"Сервер запущен на порту 3000","timestamp":"2025-03-04T23:26:45.861Z"}
{"level":"info","message":"New client connected","timestamp":"2025-03-04T23:26:51.649Z"}
{"level":"info","message":"Client disconnected","timestamp":"2025-03-04T23:27:34.692Z"}
{"level":"info","message":{"ip":"::1","method":"GET","path":"/qr/1","userAgent":"Mozilla/5.0 (Windows NT 10.0; Win64; x64) AppleWebKit/537.36 (KHTML, like Gecko) Chrome/133.0.0.0 Safari/537.36"},"timestamp":"2025-03-04T23:27:35.214Z"}
{"level":"warn","message":"QR code not found for site: 1","timestamp":"2025-03-04T23:27:35.216Z"}
{"level":"info","message":{"ip":"::1","method":"GET","path":"/qr/3","userAgent":"Mozilla/5.0 (Windows NT 10.0; Win64; x64) AppleWebKit/537.36 (KHTML, like Gecko) Chrome/133.0.0.0 Safari/537.36"},"timestamp":"2025-03-04T23:27:35.253Z"}
{"level":"warn","message":"QR code not found for site: 3","timestamp":"2025-03-04T23:27:35.255Z"}
{"level":"info","message":{"ip":"::1","method":"GET","path":"/qr/2","userAgent":"Mozilla/5.0 (Windows NT 10.0; Win64; x64) AppleWebKit/537.36 (KHTML, like Gecko) Chrome/133.0.0.0 Safari/537.36"},"timestamp":"2025-03-04T23:27:35.260Z"}
{"level":"warn","message":"QR code not found for site: 2","timestamp":"2025-03-04T23:27:35.261Z"}
{"level":"info","message":{"ip":"::1","method":"GET","path":"/api/data","userAgent":"Mozilla/5.0 (Windows NT 10.0; Win64; x64) AppleWebKit/537.36 (KHTML, like Gecko) Chrome/133.0.0.0 Safari/537.36"},"timestamp":"2025-03-04T23:27:35.303Z"}
{"level":"info","message":"New client connected","timestamp":"2025-03-04T23:27:35.310Z"}
{"level":"info","message":"Сервер запущен на порту 3000","timestamp":"2025-03-04T23:31:17.577Z"}
{"level":"info","message":"New client connected","timestamp":"2025-03-04T23:31:17.761Z"}
{"level":"info","message":"Client disconnected","timestamp":"2025-03-04T23:31:18.237Z"}
{"level":"info","message":{"ip":"::1","method":"GET","path":"/qr/1","userAgent":"Mozilla/5.0 (Windows NT 10.0; Win64; x64) AppleWebKit/537.36 (KHTML, like Gecko) Chrome/133.0.0.0 Safari/537.36"},"timestamp":"2025-03-04T23:31:18.527Z"}
{"level":"warn","message":"QR code not found for site: 1","timestamp":"2025-03-04T23:31:18.533Z"}
{"level":"info","message":{"ip":"::1","method":"GET","path":"/qr/3","userAgent":"Mozilla/5.0 (Windows NT 10.0; Win64; x64) AppleWebKit/537.36 (KHTML, like Gecko) Chrome/133.0.0.0 Safari/537.36"},"timestamp":"2025-03-04T23:31:18.609Z"}
{"level":"warn","message":"QR code not found for site: 3","timestamp":"2025-03-04T23:31:18.610Z"}
{"level":"info","message":{"ip":"::1","method":"GET","path":"/qr/2","userAgent":"Mozilla/5.0 (Windows NT 10.0; Win64; x64) AppleWebKit/537.36 (KHTML, like Gecko) Chrome/133.0.0.0 Safari/537.36"},"timestamp":"2025-03-04T23:31:18.640Z"}
{"level":"warn","message":"QR code not found for site: 2","timestamp":"2025-03-04T23:31:18.643Z"}
{"level":"info","message":"New client connected","timestamp":"2025-03-04T23:31:18.789Z"}
{"level":"info","message":{"ip":"::1","method":"GET","path":"/api/data","userAgent":"Mozilla/5.0 (Windows NT 10.0; Win64; x64) AppleWebKit/537.36 (KHTML, like Gecko) Chrome/133.0.0.0 Safari/537.36"},"timestamp":"2025-03-04T23:31:18.910Z"}
{"level":"info","message":"Сервер запущен на порту 3000","timestamp":"2025-03-04T23:35:58.052Z"}
{"level":"info","message":{"ip":"::1","method":"GET","path":"/csrf-token","userAgent":"Mozilla/5.0 (Windows NT 10.0; Win64; x64) AppleWebKit/537.36 (KHTML, like Gecko) Chrome/133.0.0.0 Safari/537.36"},"timestamp":"2025-03-04T23:36:48.577Z"}
{"level":"info","message":"New client connected","timestamp":"2025-03-04T23:36:48.586Z"}
{"level":"info","message":"Client disconnected","timestamp":"2025-03-04T23:42:06.348Z"}
{"level":"info","message":"New client connected","timestamp":"2025-03-04T23:42:06.616Z"}
{"level":"info","message":{"ip":"::1","method":"GET","path":"/csrf-token","userAgent":"Mozilla/5.0 (Windows NT 10.0; Win64; x64) AppleWebKit/537.36 (KHTML, like Gecko) Chrome/133.0.0.0 Safari/537.36"},"timestamp":"2025-03-04T23:42:06.619Z"}
{"level":"info","message":"Client disconnected","timestamp":"2025-03-04T23:49:38.326Z"}
{"level":"info","message":{"ip":"::1","method":"GET","path":"/csrf-token","userAgent":"Mozilla/5.0 (Windows NT 10.0; Win64; x64) AppleWebKit/537.36 (KHTML, like Gecko) Chrome/133.0.0.0 Safari/537.36"},"timestamp":"2025-03-04T23:49:38.572Z"}
{"level":"info","message":"New client connected","timestamp":"2025-03-04T23:49:38.575Z"}
{"level":"info","message":"Client disconnected","timestamp":"2025-03-04T23:49:40.103Z"}
{"level":"info","message":{"ip":"::1","method":"GET","path":"/csrf-token","userAgent":"Mozilla/5.0 (Windows NT 10.0; Win64; x64) AppleWebKit/537.36 (KHTML, like Gecko) Chrome/133.0.0.0 Safari/537.36"},"timestamp":"2025-03-04T23:49:40.378Z"}
{"level":"info","message":"New client connected","timestamp":"2025-03-04T23:49:40.382Z"}
{"level":"info","message":"Client disconnected","timestamp":"2025-03-04T23:49:41.253Z"}
{"level":"info","message":{"ip":"::1","method":"GET","path":"/csrf-token","userAgent":"Mozilla/5.0 (Windows NT 10.0; Win64; x64) AppleWebKit/537.36 (KHTML, like Gecko) Chrome/133.0.0.0 Safari/537.36"},"timestamp":"2025-03-04T23:49:41.557Z"}
{"level":"info","message":"New client connected","timestamp":"2025-03-04T23:49:41.562Z"}
